<?xml version="1.0" encoding="UTF-8"?>
<!-- Generated by org.testng.reporters.JUnitReportReporter -->
<testsuite hostname="DESKTOP-I35D3F1" failures="0" tests="2" name="com.vtechsolution.automationpractice.TestCases.TestCase_File3" time="17.693" errors="0" timestamp="2022-09-01T12:50:00 IST" skipped="1">
  <testcase classname="com.vtechsolution.automationpractice.TestCases.TestCase_File3" name="clickonPrintedDressTextimg4_72" time="17.693"/>
  <system-out/>
  <testcase classname="com.vtechsolution.automationpractice.TestCases.TestCase_File3" name="clickonPrintedDressImg3_58">
    <skipped/>
  </testcase> <!-- clickonPrintedDressImg3_58 -->
  <system-out/>
</testsuite> <!-- com.vtechsolution.automationpractice.TestCases.TestCase_File3 -->
