<?xml version="1.0" encoding="UTF-8"?>
<!-- Generated by org.testng.reporters.JUnitReportReporter -->
<testsuite hostname="DESKTOP-I35D3F1" failures="0" tests="5" name="com.vtechsolution.automationpractice.TestCases.TestCase_1" time="0.217" errors="0" timestamp="2022-08-27T12:06:05 IST" skipped="4">
  <testcase classname="com.vtechsolution.automationpractice.TestCases.TestCase_1" name="verifyMoreImg1Link_45" time="0.217"/>
  <system-out/>
  <testcase classname="com.vtechsolution.automationpractice.TestCases.TestCase_1" name="clickonBlouseimg2Link_48">
    <skipped/>
  </testcase> <!-- clickonBlouseimg2Link_48 -->
  <system-out/>
  <testcase classname="com.vtechsolution.automationpractice.TestCases.TestCase_1" name="clickonQuickViewimg2Link_50">
    <skipped/>
  </testcase> <!-- clickonQuickViewimg2Link_50 -->
  <system-out/>
  <testcase classname="com.vtechsolution.automationpractice.TestCases.TestCase_1" name="clickonQuickViewimg1_39">
    <skipped/>
  </testcase> <!-- clickonQuickViewimg1_39 -->
  <system-out/>
  <testcase classname="com.vtechsolution.automationpractice.TestCases.TestCase_1" name="clickonShortSleeveimg1_37">
    <skipped/>
  </testcase> <!-- clickonShortSleeveimg1_37 -->
  <system-out/>
</testsuite> <!-- com.vtechsolution.automationpractice.TestCases.TestCase_1 -->
